<?xml version="1.0" encoding="UTF-8"?>
<!-- Generated by org.testng.reporters.JUnitReportReporter -->
<testsuite hostname="DESKTOP-QPQRMEQ" failures="0" tests="4" name="MahenderacademyPackage.tests.SubmitOrderTest" time="259.631" errors="0" timestamp="2024-03-13T18:55:31 IST" skipped="0">
  <testcase classname="MahenderacademyPackage.tests.SubmitOrderTest" name="OrderHistory" time="50.431"/>
  <testcase classname="MahenderacademyPackage.tests.SubmitOrderTest" name="submitOrderTest" time="35.798"/>
  <testcase classname="MahenderacademyPackage.tests.SubmitOrderTest" name="submitOrderTest" time="31.639"/>
  <testcase classname="MahenderacademyPackage.tests.SubmitOrderTest" name="OrderHistory" time="141.763"/>
</testsuite> <!-- MahenderacademyPackage.tests.SubmitOrderTest -->
