<?xml version="1.0" encoding="UTF-8"?>
<!-- Generated by org.testng.reporters.JUnitReportReporter -->
<testsuite hostname="DESKTOP-QPQRMEQ" failures="0" tests="1" name="MahenderacademyPackage.tests.ErrorValidationsTest" time="35.413" errors="0" timestamp="2024-03-15T17:45:48 IST" skipped="0">
  <testcase classname="MahenderacademyPackage.tests.ErrorValidationsTest" name="LoginErrorValidation" time="35.413"/>
</testsuite> <!-- MahenderacademyPackage.tests.ErrorValidationsTest -->
