<?xml version="1.0" encoding="UTF-8"?>
<!-- Generated by org.testng.reporters.JUnitReportReporter -->
<testsuite hostname="DESKTOP-QPQRMEQ" failures="0" tests="4" name="MahenderacademyPackage.tests.SubmitOrderTest" time="92.583" errors="0" timestamp="2024-03-15T17:44:24 IST" skipped="0">
  <testcase classname="MahenderacademyPackage.tests.SubmitOrderTest" name="submitOrderTest" time="28.484"/>
  <testcase classname="MahenderacademyPackage.tests.SubmitOrderTest" name="submitOrderTest" time="25.343"/>
  <testcase classname="MahenderacademyPackage.tests.SubmitOrderTest" name="OrderHistory" time="19.259"/>
  <testcase classname="MahenderacademyPackage.tests.SubmitOrderTest" name="OrderHistory" time="19.497"/>
</testsuite> <!-- MahenderacademyPackage.tests.SubmitOrderTest -->
